<?xml version="1.0" encoding="UTF-8"?>
<!-- Generated by org.testng.reporters.JUnitReportReporter -->
<testsuite ignored="1" hostname="LAPTOP-9081R7OK" failures="0" tests="1" name="Test_Login.Login" time="2.726" errors="1" timestamp="04 Aug 2023 11:47:00 GMT" skipped="0">
  <testcase classname="Test_Login.Login" name="TC_ID_01" time="2.726">
    <error message="An unknown server-side error occurred while processing the command. Original error: Could not proxy command to the remote server. Original error: socket hang up
Build info: version: &#039;3.12.0&#039;, revision: &#039;7c6e0b3&#039;, time: &#039;2018-05-08T14:04:26.12Z&#039;
System info: host: &#039;LAPTOP-9081R7OK&#039;, ip: &#039;192.168.79.200&#039;, os.name: &#039;Windows 11&#039;, os.arch: &#039;amd64&#039;, os.version: &#039;10.0&#039;, java.version: &#039;17.0.7&#039;
Driver info: io.appium.java_client.android.AndroidDriver
Capabilities {app: C:\Users\RohitFulzele\Deskt..., appPackage: com.rcs.krishlal, connectHardwareKeyboard: true, databaseEnabled: false, desired: {app: C:\Users\RohitFulzele\Deskt..., connectHardwareKeyboard: true, deviceName: Redmi Note 11T 5G, newCommandTimeout: 3600, platformName: android, platformVersion: 13.0.9, udid: 6TNNUCBIO7QW8HWC}, deviceApiLevel: 31, deviceManufacturer: Xiaomi, deviceModel: 21091116AI, deviceName: 6TNNUCBIO7QW8HWC, deviceScreenDensity: 440, deviceScreenSize: 1080x2400, deviceUDID: 6TNNUCBIO7QW8HWC, javascriptEnabled: true, locationContextEnabled: false, networkConnectionEnabled: true, newCommandTimeout: 3600, pixelRatio: 2.75, platform: LINUX, platformName: Android, platformVersion: 12, statBarHeight: 96, takesScreenshot: true, udid: 6TNNUCBIO7QW8HWC, viewportRect: {height: 2078, left: 0, top: 96, width: 1080}, warnings: {}, webStorageEnabled: false}
Session ID: 2c23392a-8a80-424f-bb3e-29677ed24f93" type="org.openqa.selenium.WebDriverException">
      <![CDATA[org.openqa.selenium.WebDriverException: An unknown server-side error occurred while processing the command. Original error: Could not proxy command to the remote server. Original error: socket hang up
Build info: version: '3.12.0', revision: '7c6e0b3', time: '2018-05-08T14:04:26.12Z'
System info: host: 'LAPTOP-9081R7OK', ip: '192.168.79.200', os.name: 'Windows 11', os.arch: 'amd64', os.version: '10.0', java.version: '17.0.7'
Driver info: io.appium.java_client.android.AndroidDriver
Capabilities {app: C:\Users\RohitFulzele\Deskt..., appPackage: com.rcs.krishlal, connectHardwareKeyboard: true, databaseEnabled: false, desired: {app: C:\Users\RohitFulzele\Deskt..., connectHardwareKeyboard: true, deviceName: Redmi Note 11T 5G, newCommandTimeout: 3600, platformName: android, platformVersion: 13.0.9, udid: 6TNNUCBIO7QW8HWC}, deviceApiLevel: 31, deviceManufacturer: Xiaomi, deviceModel: 21091116AI, deviceName: 6TNNUCBIO7QW8HWC, deviceScreenDensity: 440, deviceScreenSize: 1080x2400, deviceUDID: 6TNNUCBIO7QW8HWC, javascriptEnabled: true, locationContextEnabled: false, networkConnectionEnabled: true, newCommandTimeout: 3600, pixelRatio: 2.75, platform: LINUX, platformName: Android, platformVersion: 12, statBarHeight: 96, takesScreenshot: true, udid: 6TNNUCBIO7QW8HWC, viewportRect: {height: 2078, left: 0, top: 96, width: 1080}, warnings: {}, webStorageEnabled: false}
Session ID: 2c23392a-8a80-424f-bb3e-29677ed24f93
	at java.base/jdk.internal.reflect.NativeConstructorAccessorImpl.newInstance0(Native Method)
	at java.base/jdk.internal.reflect.NativeConstructorAccessorImpl.newInstance(NativeConstructorAccessorImpl.java:77)
	at java.base/jdk.internal.reflect.DelegatingConstructorAccessorImpl.newInstance(DelegatingConstructorAccessorImpl.java:45)
	at java.base/java.lang.reflect.Constructor.newInstanceWithCaller(Constructor.java:499)
	at java.base/java.lang.reflect.Constructor.newInstance(Constructor.java:480)
	at org.openqa.selenium.remote.http.W3CHttpResponseCodec.createException(W3CHttpResponseCodec.java:187)
	at org.openqa.selenium.remote.http.W3CHttpResponseCodec.decode(W3CHttpResponseCodec.java:122)
	at org.openqa.selenium.remote.http.W3CHttpResponseCodec.decode(W3CHttpResponseCodec.java:49)
	at org.openqa.selenium.remote.HttpCommandExecutor.execute(HttpCommandExecutor.java:158)
	at io.appium.java_client.remote.AppiumCommandExecutor.execute(AppiumCommandExecutor.java:231)
	at org.openqa.selenium.remote.RemoteWebDriver.execute(RemoteWebDriver.java:543)
	at io.appium.java_client.DefaultGenericMobileDriver.execute(DefaultGenericMobileDriver.java:42)
	at io.appium.java_client.AppiumDriver.execute(AppiumDriver.java:1)
	at io.appium.java_client.android.AndroidDriver.execute(AndroidDriver.java:1)
	at org.openqa.selenium.remote.RemoteWebElement.execute(RemoteWebElement.java:276)
	at io.appium.java_client.DefaultGenericMobileElement.execute(DefaultGenericMobileElement.java:45)
	at io.appium.java_client.MobileElement.execute(MobileElement.java:1)
	at io.appium.java_client.android.AndroidElement.execute(AndroidElement.java:1)
	at org.openqa.selenium.remote.RemoteWebElement.click(RemoteWebElement.java:83)
	at Test_Login.Login.TC_ID_01(Login.java:36)
	at java.base/jdk.internal.reflect.NativeMethodAccessorImpl.invoke0(Native Method)
	at java.base/jdk.internal.reflect.NativeMethodAccessorImpl.invoke(NativeMethodAccessorImpl.java:77)
	at java.base/jdk.internal.reflect.DelegatingMethodAccessorImpl.invoke(DelegatingMethodAccessorImpl.java:43)
	at java.base/java.lang.reflect.Method.invoke(Method.java:568)
	at org.testng.internal.MethodInvocationHelper.invokeMethod(MethodInvocationHelper.java:104)
	at org.testng.internal.Invoker.invokeMethod(Invoker.java:645)
	at org.testng.internal.Invoker.invokeTestMethod(Invoker.java:851)
	at org.testng.internal.Invoker.invokeTestMethods(Invoker.java:1177)
	at org.testng.internal.TestMethodWorker.invokeTestMethods(TestMethodWorker.java:129)
	at org.testng.internal.TestMethodWorker.run(TestMethodWorker.java:112)
	at org.testng.TestRunner.privateRun(TestRunner.java:756)
	at org.testng.TestRunner.run(TestRunner.java:610)
	at org.testng.SuiteRunner.runTest(SuiteRunner.java:387)
	at org.testng.SuiteRunner.runSequentially(SuiteRunner.java:382)
	at org.testng.SuiteRunner.privateRun(SuiteRunner.java:340)
	at org.testng.SuiteRunner.run(SuiteRunner.java:289)
	at org.testng.SuiteRunnerWorker.runSuite(SuiteRunnerWorker.java:52)
	at org.testng.SuiteRunnerWorker.run(SuiteRunnerWorker.java:86)
	at org.testng.TestNG.runSuitesSequentially(TestNG.java:1293)
	at org.testng.TestNG.runSuitesLocally(TestNG.java:1218)
	at org.testng.TestNG.runSuites(TestNG.java:1133)
	at org.testng.TestNG.run(TestNG.java:1104)
	at org.testng.remote.AbstractRemoteTestNG.run(AbstractRemoteTestNG.java:115)
	at org.testng.remote.RemoteTestNG.initAndRun(RemoteTestNG.java:251)
	at org.testng.remote.RemoteTestNG.main(RemoteTestNG.java:77)
]]>
    </error>
  </testcase> <!-- TC_ID_01 -->
  <testcase classname="BrowserLaunch.Launch" name="setUp">
    <skipped/>
  </testcase> <!-- setUp -->
</testsuite> <!-- Test_Login.Login -->
